#
# A fatal error has been detected by the Java Runtime Environment:
#
#  EXCEPTION_ACCESS_VIOLATION (0xc0000005) at pc=0x00010006, pid=1144, tid=0x00001fe8
#
# JRE version: Java(TM) SE Runtime Environment (8.0_121-b13) (build 1.8.0_121-b13)
# Java VM: Java HotSpot(TM) Client VM (25.121-b13 mixed mode windows-x86 )
# Problematic frame:
# C  0x00010006
#
# Failed to write core dump. Minidumps are not enabled by default on client versions of Windows
#
# If you would like to submit a bug report, please visit:
#   http://bugreport.java.com/bugreport/crash.jsp
#

---------------  T H R E A D  ---------------

Current thread (0x001dc800):  JavaThread "main" [_thread_in_Java, id=8168, stack(0x00c50000,0x00ca0000)]

siginfo: ExceptionCode=0xc0000005, ExceptionInformation=0x00000008 0x00010006

Registers:
EAX=0x00100000, EBX=0x13e52760, ECX=0x04036ab8, EDX=0x80500001
ESP=0x00c9f364, EBP=0x00c9f38c, ESI=0x00c9f368, EDI=0x00c9f394
EIP=0x00010006, EFLAGS=0x00010216

Top of Stack: (sp=0x00c9f364)
0x00c9f364:   01de47b4 04036ab8 00c9f36c 1518a572
0x00c9f374:   00c9f394 1518a760 00000000 1518a580
0x00c9f384:   00c9f368 00c9f394 00c9f3bc 01de47b4
0x00c9f394:   040369a0 040369e8 00c9f39c 15189f8f
0x00c9f3a4:   00c9f3d0 1518a168 00000000 15189fc0
0x00c9f3b4:   00c9f394 00c9f3d0 00c9f3f4 01de47b4
0x00c9f3c4:   040369a0 00000000 040369e8 04036940
0x00c9f3d4:   00c9f3d4 15181bc3 00c9f3fc 15181e38 

Instructions: (pc=0x00010006)
0x0000ffe6:   
[error occurred during error reporting (printing registers, top of stack, instructions near pc), id 0xc0000005]

Register to memory mapping:

EAX=0x00100000 is an unknown value
EBX=0x13e52760 is pointing into metadata
ECX=
[error occurred during error reporting (printing register info), id 0xc0000005]

Stack: [0x00c50000,0x00ca0000],  sp=0x00c9f364,  free space=316k
Native frames: (J=compiled Java code, j=interpreted, Vv=VM code, C=native code)
C  0x00010006
j  org.testng.collections.Objects$ToStringHelper.toString()Ljava/lang/String;+111
j  org.testng.internal.ClassImpl.toString()Ljava/lang/String;+19
J 351 C1 java.lang.String.valueOf(Ljava/lang/Object;)Ljava/lang/String; (14 bytes) @ 0x01f0f7b8 [0x01f0f790+0x28]
j  java.lang.StringBuilder.append(Ljava/lang/Object;)Ljava/lang/StringBuilder;+2
j  org.testng.TestClass.init(Lorg/testng/IClass;Lorg/testng/ITestMethodFinder;Lorg/testng/internal/annotations/IAnnotationFinder;Lorg/testng/xml/XmlTest;Lorg/testng/xml/XmlClass;)V+15
j  org.testng.TestClass.<init>(Lorg/testng/IClass;Lorg/testng/ITestMethodFinder;Lorg/testng/internal/annotations/IAnnotationFinder;Lorg/testng/internal/RunInfo;Lorg/testng/xml/XmlTest;Lorg/testng/xml/XmlClass;)V+27
j  org.testng.TestRunner.initMethods()V+159
j  org.testng.TestRunner.init()V+27
j  org.testng.TestRunner.init(Lorg/testng/internal/IConfiguration;Lorg/testng/ISuite;Lorg/testng/xml/XmlTest;Ljava/lang/String;Lorg/testng/internal/annotations/IAnnotationFinder;ZLjava/util/Collection;Ljava/util/List;)V+326
j  org.testng.TestRunner.<init>(Lorg/testng/internal/IConfiguration;Lorg/testng/ISuite;Lorg/testng/xml/XmlTest;ZLjava/util/Collection;Ljava/util/List;)V+303
j  org.testng.remote.support.RemoteTestNG6_10$1.newTestRunner(Lorg/testng/ISuite;Lorg/testng/xml/XmlTest;Ljava/util/Collection;Ljava/util/List;)Lorg/testng/TestRunner;+17
j  org.testng.remote.support.RemoteTestNG6_10$DelegatingTestRunnerFactory.newTestRunner(Lorg/testng/ISuite;Lorg/testng/xml/XmlTest;Ljava/util/Collection;Ljava/util/List;)Lorg/testng/TestRunner;+9
j  org.testng.SuiteRunner$ProxyTestRunnerFactory.newTestRunner(Lorg/testng/ISuite;Lorg/testng/xml/XmlTest;Ljava/util/Collection;Ljava/util/List;)Lorg/testng/TestRunner;+9
j  org.testng.SuiteRunner.init(Lorg/testng/internal/IConfiguration;Lorg/testng/xml/XmlSuite;Ljava/lang/String;Lorg/testng/ITestRunnerFactory;ZLjava/util/List;Ljava/util/Collection;Ljava/util/Collection;Ljava/util/Collection;)V+324
j  org.testng.SuiteRunner.<init>(Lorg/testng/internal/IConfiguration;Lorg/testng/xml/XmlSuite;Ljava/lang/String;Lorg/testng/ITestRunnerFactory;ZLjava/util/List;Ljava/util/Collection;Ljava/util/Collection;Ljava/util/Collection;)V+127
j  org.testng.TestNG.createSuiteRunner(Lorg/testng/xml/XmlSuite;)Lorg/testng/SuiteRunner;+52
j  org.testng.TestNG.createSuiteRunners(Lorg/testng/internal/SuiteRunnerMap;Lorg/testng/xml/XmlSuite;)V+212
j  org.testng.TestNG.runSuitesLocally()Ljava/util/List;+78
j  org.testng.TestNG.runSuites()Ljava/util/List;+1
j  org.testng.TestNG.run()V+45
j  org.testng.remote.AbstractRemoteTestNG.run()V+163
j  org.testng.remote.RemoteTestNG.initAndRun(Lorg/testng/remote/IRemoteTestNG;[Ljava/lang/String;Lorg/testng/CommandLineArgs;Lorg/testng/remote/RemoteArgs;)V+184
j  org.testng.remote.RemoteTestNG.main([Ljava/lang/String;)V+201
v  ~StubRoutines::call_stub
V  [jvm.dll+0x15aa85]
V  [jvm.dll+0x220d7e]
V  [jvm.dll+0x15ab1e]
V  [jvm.dll+0xdca47]
V  [jvm.dll+0xe4fdf]
C  [javaw.exe+0x22ab]
C  [javaw.exe+0xaebf]
C  [javaw.exe+0xaf49]
C  [kernel32.dll+0x4ef8c]
C  [ntdll.dll+0x6367a]
C  [ntdll.dll+0x6364d]
C  0x00000000


---------------  P R O C E S S  ---------------

Java Threads: ( => current thread )
  0x14a10800 JavaThread "ReaderThread" [_thread_in_native, id=736, stack(0x14de0000,0x14e30000)]
  0x142d6800 JavaThread "Service Thread" daemon [_thread_blocked, id=6120, stack(0x147e0000,0x14830000)]
  0x142b7c00 JavaThread "C1 CompilerThread0" daemon [_thread_blocked, id=5228, stack(0x14610000,0x14660000)]
  0x142b6c00 JavaThread "Attach Listener" daemon [_thread_blocked, id=6844, stack(0x14580000,0x145d0000)]
  0x142b4000 JavaThread "Signal Dispatcher" daemon [_thread_blocked, id=8176, stack(0x01110000,0x01160000)]
  0x142a6400 JavaThread "Finalizer" daemon [_thread_blocked, id=7812, stack(0x14520000,0x14570000)]
  0x14280800 JavaThread "Reference Handler" daemon [_thread_blocked, id=3784, stack(0x144c0000,0x14510000)]
=>0x001dc800 JavaThread "main" [_thread_in_Java, id=8168, stack(0x00c50000,0x00ca0000)]

Other Threads:
  0x14279c00 VMThread [stack: 0x010c0000,0x01110000] [id=7772]
  0x142e1800 WatcherThread [stack: 0x14720000,0x14770000] [id=1336]

VM state:not at safepoint (normal execution)

VM Mutex/Monitor currently owned by a thread: None

Heap:
 def new generation   total 6912K, used 2287K [0x03e00000, 0x04580000, 0x09350000)
  eden space 6144K,  37% used [0x03e00000, 0x0403bd88, 0x04400000)
  from space 768K,   0% used [0x044c0000, 0x044c0000, 0x04580000)
  to   space 768K,   0% used [0x04400000, 0x04400000, 0x044c0000)
 tenured generation   total 15220K, used 7820K [0x09350000, 0x0a22d000, 0x13e00000)
   the space 15220K,  51% used [0x09350000, 0x09af33e0, 0x09af3400, 0x0a22d000)
 Metaspace       used 6146K, capacity 6162K, committed 6272K, reserved 6528K

Card table byte_map: [0x006d0000,0x00760000] byte_map_base: 0x006b1000

Polling page: 0x001b0000

CodeCache: size=32768Kb used=1231Kb max_used=1231Kb free=31536Kb
 bounds [0x01de0000, 0x01f18000, 0x03de0000]
 total_blobs=545 nmethods=372 adapters=104
 compilation: enabled

Compilation events (10 events):
Event: 3.754 Thread 0x142b7c00  368             java.util.LinkedHashMap$Entry::<init> (10 bytes)
Event: 3.754 Thread 0x142b7c00 nmethod 368 0x01f13048 code [0x01f13140, 0x01f131f0]
Event: 3.754 Thread 0x142b7c00  369             java.util.LinkedHashMap::linkNodeLast (33 bytes)
Event: 3.754 Thread 0x142b7c00 nmethod 369 0x01f13248 code [0x01f13340, 0x01f13410]
Event: 3.754 Thread 0x142b7c00  370             java.util.LinkedHashMap::afterNodeInsertion (40 bytes)
Event: 3.755 Thread 0x142b7c00 nmethod 370 0x01f134c8 code [0x01f135e0, 0x01f13714]
Event: 3.755 Thread 0x142b7c00  371             java.util.Hashtable$Enumerator::hasMoreElements (53 bytes)
Event: 3.755 Thread 0x142b7c00 nmethod 371 0x01f13808 code [0x01f13900, 0x01f139f0]
Event: 3.761 Thread 0x142b7c00  372             java.util.ArrayList::<init> (12 bytes)
Event: 3.761 Thread 0x142b7c00 nmethod 372 0x01f13ac8 code [0x01f13bc0, 0x01f13c50]

GC Heap History (10 events):
Event: 3.591 GC heap before
{Heap before GC invocations=402 (full 396):
 def new generation   total 6912K, used 0K [0x03e00000, 0x04580000, 0x09350000)
  eden space 6144K,   0% used [0x03e00000, 0x03e00000, 0x04400000)
  from space 768K,   0% used [0x044c0000, 0x044c0000, 0x04580000)
  to   space 768K,   0% used [0x04400000, 0x04400000, 0x044c0000)
 tenured generation   total 15220K, used 7767K [0x09350000, 0x0a22d000, 0x13e00000)
   the space 15220K,  51% used [0x09350000, 0x09ae5ff0, 0x09ae6000, 0x0a22d000)
 Metaspace       used 5810K, capacity 5842K, committed 5888K, reserved 6528K
Event: 3.600 GC heap after
Heap after GC invocations=403 (full 397):
 def new generation   total 6912K, used 0K [0x03e00000, 0x04580000, 0x09350000)
  eden space 6144K,   0% used [0x03e00000, 0x03e00000, 0x04400000)
  from space 768K,   0% used [0x044c0000, 0x044c0000, 0x04580000)
  to   space 768K,   0% used [0x04400000, 0x04400000, 0x044c0000)
 tenured generation   total 15220K, used 7767K [0x09350000, 0x0a22d000, 0x13e00000)
   the space 15220K,  51% used [0x09350000, 0x09ae5ff0, 0x09ae6000, 0x0a22d000)
 Metaspace       used 5810K, capacity 5842K, committed 5888K, reserved 6528K
}
Event: 3.600 GC heap before
{Heap before GC invocations=403 (full 397):
 def new generation   total 6912K, used 122K [0x03e00000, 0x04580000, 0x09350000)
  eden space 6144K,   2% used [0x03e00000, 0x03e1eb88, 0x04400000)
  from space 768K,   0% used [0x044c0000, 0x044c0000, 0x04580000)
  to   space 768K,   0% used [0x04400000, 0x04400000, 0x044c0000)
 tenured generation   total 15220K, used 7767K [0x09350000, 0x0a22d000, 0x13e00000)
   the space 15220K,  51% used [0x09350000, 0x09ae5ff0, 0x09ae6000, 0x0a22d000)
 Metaspace       used 5810K, capacity 5842K, committed 5888K, reserved 6528K
Event: 3.609 GC heap after
Heap after GC invocations=404 (full 398):
 def new generation   total 6912K, used 0K [0x03e00000, 0x04580000, 0x09350000)
  eden space 6144K,   0% used [0x03e00000, 0x03e00000, 0x04400000)
  from space 768K,   0% used [0x044c0000, 0x044c0000, 0x04580000)
  to   space 768K,   0% used [0x04400000, 0x04400000, 0x044c0000)
 tenured generation   total 15220K, used 7785K [0x09350000, 0x0a22d000, 0x13e00000)
   the space 15220K,  51% used [0x09350000, 0x09aea520, 0x09aea600, 0x0a22d000)
 Metaspace       used 5810K, capacity 5842K, committed 5888K, reserved 6528K
}
Event: 3.609 GC heap before
{Heap before GC invocations=404 (full 398):
 def new generation   total 6912K, used 123K [0x03e00000, 0x04580000, 0x09350000)
  eden space 6144K,   2% used [0x03e00000, 0x03e1ee88, 0x04400000)
  from space 768K,   0% used [0x044c0000, 0x044c0000, 0x04580000)
  to   space 768K,   0% used [0x04400000, 0x04400000, 0x044c0000)
 tenured generation   total 15220K, used 7785K [0x09350000, 0x0a22d000, 0x13e00000)
   the space 15220K,  51% used [0x09350000, 0x09aea520, 0x09aea600, 0x0a22d000)
 Metaspace       used 5810K, capacity 5842K, committed 5888K, reserved 6528K
Event: 3.619 GC heap after
Heap after GC invocations=405 (full 399):
 def new generation   total 6912K, used 0K [0x03e00000, 0x04580000, 0x09350000)
  eden space 6144K,   0% used [0x03e00000, 0x03e00000, 0x04400000)
  from space 768K,   0% used [0x044c0000, 0x044c0000, 0x04580000)
  to   space 768K,   0% used [0x04400000, 0x04400000, 0x044c0000)
 tenured generation   total 15220K, used 7791K [0x09350000, 0x0a22d000, 0x13e00000)
   the space 15220K,  51% used [0x09350000, 0x09aebc08, 0x09aebe00, 0x0a22d000)
 Metaspace       used 5810K, capacity 5842K, committed 5888K, reserved 6528K
}
Event: 3.619 GC heap before
{Heap before GC invocations=405 (full 399):
 def new generation   total 6912K, used 0K [0x03e00000, 0x04580000, 0x09350000)
  eden space 6144K,   0% used [0x03e00000, 0x03e00000, 0x04400000)
  from space 768K,   0% used [0x044c0000, 0x044c0000, 0x04580000)
  to   space 768K,   0% used [0x04400000, 0x04400000, 0x044c0000)
 tenured generation   total 15220K, used 7791K [0x09350000, 0x0a22d000, 0x13e00000)
   the space 15220K,  51% used [0x09350000, 0x09aebc08, 0x09aebe00, 0x0a22d000)
 Metaspace       used 5810K, capacity 5842K, committed 5888K, reserved 6528K
Event: 3.629 GC heap after
Heap after GC invocations=406 (full 400):
 def new generation   total 6912K, used 0K [0x03e00000, 0x04580000, 0x09350000)
  eden space 6144K,   0% used [0x03e00000, 0x03e00000, 0x04400000)
  from space 768K,   0% used [0x044c0000, 0x044c0000, 0x04580000)
  to   space 768K,   0% used [0x04400000, 0x04400000, 0x044c0000)
 tenured generation   total 15220K, used 7778K [0x09350000, 0x0a22d000, 0x13e00000)
   the space 15220K,  51% used [0x09350000, 0x09ae8878, 0x09ae8a00, 0x0a22d000)
 Metaspace       used 5810K, capacity 5842K, committed 5888K, reserved 6528K
}
Event: 3.629 GC heap before
{Heap before GC invocations=406 (full 400):
 def new generation   total 6912K, used 122K [0x03e00000, 0x04580000, 0x09350000)
  eden space 6144K,   2% used [0x03e00000, 0x03e1eb88, 0x04400000)
  from space 768K,   0% used [0x044c0000, 0x044c0000, 0x04580000)
  to   space 768K,   0% used [0x04400000, 0x04400000, 0x044c0000)
 tenured generation   total 15220K, used 7778K [0x09350000, 0x0a22d000, 0x13e00000)
   the space 15220K,  51% used [0x09350000, 0x09ae8878, 0x09ae8a00, 0x0a22d000)
 Metaspace       used 5810K, capacity 5842K, committed 5888K, reserved 6528K
Event: 3.638 GC heap after
Heap after GC invocations=407 (full 401):
 def new generation   total 6912K, used 0K [0x03e00000, 0x04580000, 0x09350000)
  eden space 6144K,   0% used [0x03e00000, 0x03e00000, 0x04400000)
  from space 768K,   0% used [0x044c0000, 0x044c0000, 0x04580000)
  to   space 768K,   0% used [0x04400000, 0x04400000, 0x044c0000)
 tenured generation   total 15220K, used 7820K [0x09350000, 0x0a22d000, 0x13e00000)
   the space 15220K,  51% used [0x09350000, 0x09af33e0, 0x09af3400, 0x0a22d000)
 Metaspace       used 5810K, capacity 5842K, committed 5888K, reserved 6528K
}

Deoptimization events (0 events):
No events

Internal exceptions (10 events):
Event: 3.725 Thread 0x001dc800 Exception <a 'java/lang/ClassNotFoundException': org/apache/log4j/AppenderSkeletonCustomizer> (0x03ee7b60) thrown at [C:\workspace\8-2-build-windows-i586-cygwin\jdk8u121\8372\hotspot\src\share\vm\classfile\systemDictionary.cpp, line 210]
Event: 3.728 Thread 0x001dc800 Exception <a 'java/lang/ClassNotFoundException': org/apache/log4j/WriterAppenderCustomizer> (0x03efea70) thrown at [C:\workspace\8-2-build-windows-i586-cygwin\jdk8u121\8372\hotspot\src\share\vm\classfile\systemDictionary.cpp, line 210]
Event: 3.729 Thread 0x001dc800 Exception <a 'java/lang/ClassNotFoundException': org/apache/log4j/FileAppenderCustomizer> (0x03f0fa58) thrown at [C:\workspace\8-2-build-windows-i586-cygwin\jdk8u121\8372\hotspot\src\share\vm\classfile\systemDictionary.cpp, line 210]
Event: 3.732 Thread 0x001dc800 Exception <a 'java/lang/ClassNotFoundException': org/apache/log4j/RollingFileAppenderCustomizer> (0x03f212c8) thrown at [C:\workspace\8-2-build-windows-i586-cygwin\jdk8u121\8372\hotspot\src\share\vm\classfile\systemDictionary.cpp, line 210]
Event: 3.745 Thread 0x001dc800 Exception <a 'java/lang/ClassNotFoundException': org/apache/log4j/ConsoleAppenderBeanInfo> (0x03f47680) thrown at [C:\workspace\8-2-build-windows-i586-cygwin\jdk8u121\8372\hotspot\src\share\vm\classfile\systemDictionary.cpp, line 210]
Event: 3.745 Thread 0x001dc800 Exception <a 'java/lang/ClassNotFoundException': org/apache/log4j/ConsoleAppenderCustomizer> (0x03f4d500) thrown at [C:\workspace\8-2-build-windows-i586-cygwin\jdk8u121\8372\hotspot\src\share\vm\classfile\systemDictionary.cpp, line 210]
Event: 3.749 Thread 0x001dc800 Exception <a 'java/lang/ClassNotFoundException': org/apache/log4j/HTMLLayoutBeanInfo> (0x03f6d5c0) thrown at [C:\workspace\8-2-build-windows-i586-cygwin\jdk8u121\8372\hotspot\src\share\vm\classfile\systemDictionary.cpp, line 210]
Event: 3.749 Thread 0x001dc800 Exception <a 'java/lang/ClassNotFoundException': org/apache/log4j/HTMLLayoutCustomizer> (0x03f72ed0) thrown at [C:\workspace\8-2-build-windows-i586-cygwin\jdk8u121\8372\hotspot\src\share\vm\classfile\systemDictionary.cpp, line 210]
Event: 3.750 Thread 0x001dc800 Exception <a 'java/lang/ClassNotFoundException': org/apache/log4j/DailyRollingFileAppenderBeanInfo> (0x03f84608) thrown at [C:\workspace\8-2-build-windows-i586-cygwin\jdk8u121\8372\hotspot\src\share\vm\classfile\systemDictionary.cpp, line 210]
Event: 3.751 Thread 0x001dc800 Exception <a 'java/lang/ClassNotFoundException': org/apache/log4j/DailyRollingFileAppenderCustomizer> (0x03f8adb8) thrown at [C:\workspace\8-2-build-windows-i586-cygwin\jdk8u121\8372\hotspot\src\share\vm\classfile\systemDictionary.cpp, line 210]

Events (10 events):
Event: 3.757 loading class org/testng/internal/MethodGroupsHelper
Event: 3.757 loading class org/testng/internal/MethodGroupsHelper done
Event: 3.757 loading class org/testng/internal/Graph
Event: 3.757 loading class org/testng/internal/Graph done
Event: 3.758 loading class org/testng/internal/ConfigurationMethod
Event: 3.758 loading class org/testng/internal/ConfigurationMethod done
Event: 3.758 loading class org/testng/internal/BaseTestMethod
Event: 3.758 loading class org/testng/internal/BaseTestMethod done
Event: 3.760 loading class org/testng/internal/BaseTestMethod$1
Event: 3.760 loading class org/testng/internal/BaseTestMethod$1 done


Dynamic libraries:
0x011a0000 - 0x011d3000 	C:\Program Files\Java\jre1.8.0_121\bin\javaw.exe
0x76eb0000 - 0x76ff2000 	C:\Windows\SYSTEM32\ntdll.dll
0x76b90000 - 0x76c65000 	C:\Windows\system32\kernel32.dll
0x74f50000 - 0x74f9b000 	C:\Windows\system32\KERNELBASE.dll
0x74c60000 - 0x74cce000 	C:\Windows\System32\SYSFER.DLL
0x75320000 - 0x753c1000 	C:\Windows\system32\ADVAPI32.dll
0x757e0000 - 0x7588c000 	C:\Windows\system32\msvcrt.dll
0x75730000 - 0x75749000 	C:\Windows\SYSTEM32\sechost.dll
0x758f0000 - 0x75992000 	C:\Windows\system32\RPCRT4.dll
0x750f0000 - 0x751b9000 	C:\Windows\system32\USER32.dll
0x75750000 - 0x7579e000 	C:\Windows\system32\GDI32.dll
0x765f0000 - 0x765fa000 	C:\Windows\system32\LPK.dll
0x76af0000 - 0x76b8d000 	C:\Windows\system32\USP10.dll
0x73d40000 - 0x73ede000 	C:\Windows\WinSxS\x86_microsoft.windows.common-controls_6595b64144ccf1df_6.0.7601.18837_none_41e855142bd5705d\COMCTL32.dll
0x75890000 - 0x758e7000 	C:\Windows\system32\SHLWAPI.dll
0x75710000 - 0x7572f000 	C:\Windows\system32\IMM32.DLL
0x75640000 - 0x7570d000 	C:\Windows\system32\MSCTF.dll
0x74d50000 - 0x74d5f000 	C:\Windows\system32\PGPmapih.dll
0x77ba0000 - 0x77c5f000 	C:\Program Files\Java\jre1.8.0_121\bin\msvcr100.dll
0x6c320000 - 0x6c6ee000 	C:\Program Files\Java\jre1.8.0_121\bin\client\jvm.dll
0x723d0000 - 0x723d7000 	C:\Windows\system32\WSOCK32.dll
0x770c0000 - 0x770f5000 	C:\Windows\system32\WS2_32.dll
0x757d0000 - 0x757d6000 	C:\Windows\system32\NSI.dll
0x6b660000 - 0x6b692000 	C:\Windows\system32\WINMM.dll
0x74230000 - 0x74239000 	C:\Windows\system32\VERSION.dll
0x75450000 - 0x75455000 	C:\Windows\system32\PSAPI.DLL
0x71710000 - 0x7171c000 	C:\Program Files\Java\jre1.8.0_121\bin\verify.dll
0x503b0000 - 0x503d1000 	C:\Program Files\Java\jre1.8.0_121\bin\java.dll
0x558b0000 - 0x558c3000 	C:\Program Files\Java\jre1.8.0_121\bin\zip.dll
0x759a0000 - 0x765ec000 	C:\Windows\system32\SHELL32.dll
0x751c0000 - 0x7531d000 	C:\Windows\system32\ole32.dll
0x74dd0000 - 0x74ddb000 	C:\Windows\system32\profapi.dll
0x715f0000 - 0x71606000 	C:\Program Files\Java\jre1.8.0_121\bin\net.dll
0x74700000 - 0x7473c000 	C:\Windows\system32\mswsock.dll
0x746f0000 - 0x746f6000 	C:\Windows\System32\wship6.dll
0x74220000 - 0x74225000 	C:\Windows\System32\wshtcpip.dll
0x745c0000 - 0x74604000 	C:\Windows\system32\DNSAPI.dll
0x73260000 - 0x7327c000 	C:\Windows\system32\IPHLPAPI.DLL
0x73240000 - 0x73247000 	C:\Windows\system32\WINNSI.DLL
0x727d0000 - 0x727d6000 	C:\Windows\system32\rasadhlp.dll
0x73170000 - 0x731a8000 	C:\Windows\System32\fwpuclnt.dll
0x74740000 - 0x74757000 	C:\Windows\system32\CRYPTSP.dll
0x744d0000 - 0x7450b000 	C:\Windows\system32\rsaenh.dll
0x74f10000 - 0x74f27000 	C:\Windows\system32\USERENV.dll
0x74cd0000 - 0x74cdc000 	C:\Windows\system32\CRYPTBASE.dll
0x73110000 - 0x7311d000 	C:\Windows\system32\dhcpcsvc6.DLL
0x730f0000 - 0x73102000 	C:\Windows\system32\dhcpcsvc.DLL
0x73330000 - 0x7333f000 	C:\Program Files\Java\jre1.8.0_121\bin\nio.dll
0x6e020000 - 0x6e10b000 	C:\Windows\system32\dbghelp.dll

VM Arguments:
jvm_args: -ea -Dfile.encoding=Cp1252 
java_command: org.testng.remote.RemoteTestNG -serport 54511 -protocol json -d C:\dev\views\PAM-Automation-master\SATFramework\test-output C:\Users\sv819597\AppData\Local\Temp\testng-eclipse-378522421\testng-customsuite.xml
java_class_path (initial): C:\Softwares\eclipse\plugins\org.testng.eclipse_6.11.0.201703011520\lib\testng-remote.jar;C:\dev\views\PAM-Automation-master\SATFramework\bin;C:\testautomation-runtime\log4j-1.2.17.jar;C:\Softwares\eclipse\plugins\org.testng.eclipse_6.11.0.201703011520\lib\testng.jar;C:\Softwares\eclipse\plugins\org.testng.eclipse_6.11.0.201703011520\lib\jcommander.jar;C:\Softwares\eclipse\plugins\org.testng.eclipse_6.11.0.201703011520\lib\bsh-2.0b4.jar;C:\Softwares\eclipse\plugins\org.testng.eclipse_6.11.0.201703011520\lib\snakeyaml.jar;C:\testautomation-runtime\java-mail-1.4.4.jar;C:\testautomation-runtime\jxl-2.6.jar;C:\testautomation-runtime\ojdbc6.jar;C:\testautomation-runtime\selenium-server-standalone-3.0.1.jar;C:\testautomation-runtime\poi-scratchpad-3.13-20150929.jar;C:\testautomation-runtime\poi-ooxml-schemas-3.13-20150929.jar;C:\testautomation-runtime\poi-ooxml-3.13-20150929.jar;C:\testautomation-runtime\poi-excelant-3.13-20150929.jar;C:\testautomation-runtime\poi-examples-3.13-20150929.jar;C:\testautomation-runtime\poi-3.13-20150929.jar;C:\testautomation-runtime\jsoup-1.10.3.jar
Launcher Type: SUN_STANDARD

Environment Variables:
PATH=C:/Program Files/Java/jre1.8.0_121/bin/client;C:/Program Files/Java/jre1.8.0_121/bin;C:/Program Files/Java/jre1.8.0_121/lib/i386;C:\Program Files\Teradata\Client\16.20\bin;C:\Program Files\Teradata\Client\13.0\bin\;C:\Program Files\Teradata\Client\13.0\ODBC Driver for Teradata\Lib;C:\Program Files\Teradata\Client\13.0\CLIv2\;C:\ProgramData\Oracle\Java\javapath;C:\Maven\apache-maven-3.5.0\bin;C:\Program Files\RSA SecurID Token Common;C:\Windows\system32;C:\Windows;C:\Windows\System32\Wbem;C:\Windows\System32\WindowsPowerShell\v1.0\;C:\Program Files\TortoiseSVN\bin;C:\Program Files\nodejs\;C:\Program Files\Teradata\Client\13.0\Shared ICU Libraries for Teradata\lib\;C:\Users\sv819597\AppData\Local\Programs\Python\Launcher\;C:\Users\sv819597\AppData\Local\Programs\Python\Python35-32\Scripts\;C:\Users\sv819597\AppData\Local\Programs\Python\Python35-32\;C:\Maven\apache-maven-3.5.0\bin;C:\Protractor\Node;C:\Users\sv819597\Documents\Python.*;;C:\Softwares\eclipse;
USERNAME=SV819597
OS=Windows_NT
PROCESSOR_IDENTIFIER=x86 Family 6 Model 60 Stepping 3, GenuineIntel



---------------  S Y S T E M  ---------------

OS: Windows 7 Build 7601 (6.1.7601.23889)

CPU:total 4 (4 cores per cpu, 1 threads per core) family 6 model 60 stepping 3, cmov, cx8, fxsr, mmx, sse, sse2, sse3, ssse3, sse4.1, sse4.2, popcnt, avx, avx2, aes, clmul, erms, rtm, lzcnt, tsc, tscinvbit, bmi1, bmi2

Memory: 4k page, physical 3594392k(1110864k free), swap 7187068k(4477504k free)

vm_info: Java HotSpot(TM) Client VM (25.121-b13) for windows-x86 JRE (1.8.0_121-b13), built on Dec 12 2016 18:17:00 by "java_re" with MS VC++ 10.0 (VS2010)

time: Mon Feb 12 14:58:16 2018
elapsed time: 3 seconds (0d 0h 0m 3s)

